
Showing logs for build [32mcb-kubecd-bdd-nh-1573054831-pr-1[0m stage [32mfrom-build-pack[0m and container [32mstep-credential-initializer-r66fv[0m
{"level":"warn","ts":1573056235.2381892,"logger":"fallback-logger","caller":"logging/config.go:69","msg":"Fetch GitHub commit ID from kodata failed: \"ref: refs/heads/master\" is not a valid GitHub commit ID"}
{"level":"info","ts":1573056235.2389202,"logger":"fallback-logger","caller":"creds-init/main.go:40","msg":"Credentials initialized."}

Showing logs for build [32mcb-kubecd-bdd-nh-1573054831-pr-1[0m stage [32mfrom-build-pack[0m and container [32mstep-working-dir-initializer-2pwlz[0m
{"level":"warn","ts":1573056236.2455428,"logger":"fallback-logger","caller":"logging/config.go:69","msg":"Fetch GitHub commit ID from kodata failed: open /var/run/ko/HEAD: no such file or directory"}
{"level":"info","ts":1573056236.2481296,"logger":"fallback-logger","caller":"bash/main.go:65","msg":"Successfully executed command \"mkdir -p /workspace/source\""}

Showing logs for build [32mcb-kubecd-bdd-nh-1573054831-pr-1[0m stage [32mfrom-build-pack[0m and container [32mstep-place-tools[0m

Showing logs for build [32mcb-kubecd-bdd-nh-1573054831-pr-1[0m stage [32mfrom-build-pack[0m and container [32mstep-git-source-cb-kubecd-bdd-nh-1573054831-pr-c8g52[0m
{"level":"warn","ts":1573056243.3215415,"logger":"fallback-logger","caller":"logging/config.go:69","msg":"Fetch GitHub commit ID from kodata failed: \"ref: refs/heads/master\" is not a valid GitHub commit ID"}
{"level":"info","ts":1573056244.4120836,"logger":"fallback-logger","caller":"git/git.go:102","msg":"Successfully cloned https://github.com/cb-kubecd/bdd-nh-1573054831.git @ 2229cc3956ea4980f565702fc10a72bb82d058e6 in path /workspace/source"}

Showing logs for build [32mcb-kubecd-bdd-nh-1573054831-pr-1[0m stage [32mfrom-build-pack[0m and container [32mstep-git-merge[0m
Using SHAs from PULL_REFS=master:4dae847eca608819ce542bfecb77c34ed0181ac0,1:2229cc3956ea4980f565702fc10a72bb82d058e6
DEBUG: ran git fetch --unshallow origin 2229cc3956ea4980f565702fc10a72bb82d058e6: 4dae847eca608819ce542bfecb77c34ed0181ac0: in 
DEBUG: ran git checkout master in 
DEBUG: ran git reset --hard 4dae847eca608819ce542bfecb77c34ed0181ac0 in 
DEBUG: ran clean --force -d . in 
DEBUG: ran git merge 2229cc3956ea4980f565702fc10a72bb82d058e6 in 
Merged SHA 2229cc3956ea4980f565702fc10a72bb82d058e6 with commit message 'My first PR commit' into base branch master

Showing logs for build [32mcb-kubecd-bdd-nh-1573054831-pr-1[0m stage [32mfrom-build-pack[0m and container [32mstep-build-npmrc[0m
WARNING: failed to find Secret npm-token in namespace **

Showing logs for build [32mcb-kubecd-bdd-nh-1573054831-pr-1[0m stage [32mfrom-build-pack[0m and container [32mstep-build-npm-install[0m
npm notice created a lockfile as package-lock.json. You should commit this file.
npm WARN REPLACE_ME@1.0.0 No repository field.
npm WARN REPLACE_ME@1.0.0 No license field.

up to date in 0.433s
found 0 vulnerabilities


Showing logs for build [32mcb-kubecd-bdd-nh-1573054831-pr-1[0m stage [32mfrom-build-pack[0m and container [32mstep-build-npm-test[0m

> REPLACE_ME@1.0.0 test /workspace/source
> echo "no test specified" && exit 0

no test specified

Showing logs for build [32mcb-kubecd-bdd-nh-1573054831-pr-1[0m stage [32mfrom-build-pack[0m and container [32mstep-build-container-build[0m
[36mINFO[0m[0000] Downloading base image node:9-slim           
ERROR: logging before flag.Parse: E1106 16:04:09.940633       9 metadata.go:142] while reading 'google-dockercfg' metadata: http status code: 404 while fetching url http://metadata.google.internal./computeMetadata/v1/instance/attributes/google-dockercfg
ERROR: logging before flag.Parse: E1106 16:04:09.944420       9 metadata.go:159] while reading 'google-dockercfg-url' metadata: http status code: 404 while fetching url http://metadata.google.internal./computeMetadata/v1/instance/attributes/google-dockercfg-url
2019/11/06 16:04:09 No matching credentials were found, falling back on anonymous
[36mINFO[0m[0001] Error while retrieving image from cache: getting file info: stat /workspace/sha256:0e0175bbe4f8d9d104590d8d2c591017874e30977cb71aaff1cf6fa99479575c: no such file or directory 
[36mINFO[0m[0001] Downloading base image node:9-slim           
2019/11/06 16:04:11 No matching credentials were found, falling back on anonymous
[36mINFO[0m[0002] Executing 0 build triggers                   
[36mINFO[0m[0002] cmd: EXPOSE                                  
[36mINFO[0m[0002] Adding exposed port: 8080/tcp                
[36mINFO[0m[0002] Using files from context: [/workspace/source] 
[36mINFO[0m[0002] Skipping unpacking as no commands require it. 
[36mINFO[0m[0002] Taking snapshot of full filesystem...        
[36mINFO[0m[0002] ENV PORT 8080                                
[36mINFO[0m[0002] No files changed in this command, skipping snapshotting. 
[36mINFO[0m[0002] EXPOSE 8080                                  
[36mINFO[0m[0002] cmd: EXPOSE                                  
[36mINFO[0m[0002] Adding exposed port: 8080/tcp                
[36mINFO[0m[0002] No files changed in this command, skipping snapshotting. 
[36mINFO[0m[0002] WORKDIR /usr/src/app                         
[36mINFO[0m[0002] cmd: workdir                                 
[36mINFO[0m[0002] Changed working directory to /usr/src/app    
[36mINFO[0m[0002] Creating directory /usr/src/app              
[36mINFO[0m[0002] Taking snapshot of files...                  
[36mINFO[0m[0002] Using files from context: [/workspace/source] 
[36mINFO[0m[0002] COPY . .                                     
[36mINFO[0m[0002] Taking snapshot of files...                  
[36mINFO[0m[0002] CMD ["npm", "start"]                         
[36mINFO[0m[0002] No files changed in this command, skipping snapshotting. 
2019/11/06 16:04:12 existing blob: sha256:7d083412657baa2dafba8d093034ef26f9ed2c90fb6ed95f76bb55aff03ed429
2019/11/06 16:04:12 existing blob: sha256:5bba3ecb4cd6374a19da45f2a3db0a9c0804984358b3bb4b666c28944016e5ff
2019/11/06 16:04:12 existing blob: sha256:196b8e3c919d5639193ba6c6e54774528942041bbc37606631a2250502985c3c
2019/11/06 16:04:12 existing blob: sha256:e01bd28a434b56ffd2a3fe9aa99b9b69aecca69904843edd30b1ee7150d79904
2019/11/06 16:04:12 existing blob: sha256:a88538b9cd05cfa611e43a25582a95ad7879f6fa708b0386a26b71ee62235bb3
2019/11/06 16:04:15 pushed blob: sha256:0fa1154e54ed5ae0fee196c286dd0b26d0232d3c0147481d1b8f513957120b65
2019/11/06 16:04:15 pushed blob: sha256:82e5ab01a5f78ea051896a9303deed028eae4de86762c04b50376b0c37d0b68e
2019/11/06 16:04:16 pushed blob: sha256:7b0324cd05bb9a4a200bfea94551e67bdc9cba0337ceaa52d82777b7dabdc477
2019/11/06 16:04:17 gcr.io/jenkins-x-bdd3/bdd-nh-1573054831:0.0.0-SNAPSHOT-PR-1-1: digest: sha256:69140d40c2dd58f6b90618c6860fb1abaf322b5f2fa1f0bb28553b14a3c04f29 size: 1404

Showing logs for build [32mcb-kubecd-bdd-nh-1573054831-pr-1[0m stage [32mfrom-build-pack[0m and container [32mstep-postbuild-post-build[0m
no CVE provider running in the current ** namespace so skip adding image to be analysed

Showing logs for build [32mcb-kubecd-bdd-nh-1573054831-pr-1[0m stage [32mfrom-build-pack[0m and container [32mstep-promote-make-preview[0m
sed -i -e "s/version:.*/version: 0.0.0-SNAPSHOT-PR-1-1/" Chart.yaml
sed -i -e "s/version:.*/version: 0.0.0-SNAPSHOT-PR-1-1/" ../*/Chart.yaml
sed -i -e "s|repository:.*|repository: gcr.io\/jenkins-x-bdd3\/bdd-nh-1573054831|" values.yaml
sed -i -e "s/tag:.*/tag: 0.0.0-SNAPSHOT-PR-1-1/" values.yaml
echo "  version: 0.0.0-SNAPSHOT-PR-1-1" >> requirements.yaml
** step helm build
WARNING: No $CHART_REPOSITORY defined so using the default value of: http://jenkins-x-chartmuseum:8080
Adding missing Helm repo: storage.googleapis.com https://storage.googleapis.com/chartmuseum.jenkins-x.io
Read credentials for https://storage.googleapis.com/chartmuseum.jenkins-x.io from vault helm/repos
Successfully added Helm repository storage.googleapis.com.
Adding missing Helm repo: jenkins-x-chartmuseum http://jenkins-x-chartmuseum:8080
Read credentials for http://jenkins-x-chartmuseum:8080 from vault helm/repos
Successfully added Helm repository jenkins-x-chartmuseum.
WARNING: No $CHART_REPOSITORY defined so using the default value of: http://jenkins-x-chartmuseum:8080
Adding missing Helm repo: chartmuseum.jenkins-x.io http://chartmuseum.jenkins-x.io
Read credentials for http://chartmuseum.jenkins-x.io from vault helm/repos
Successfully added Helm repository chartmuseum.jenkins-x.io.

Showing logs for build [32mcb-kubecd-bdd-nh-1573054831-pr-1[0m stage [32mfrom-build-pack[0m and container [32mstep-promote-jx-preview[0m
Creating a preview
WARNING: No author for commit: 2229cc3956ea4980f565702fc10a72bb82d058e6
Created environment cb-kubecd-bdd-nh-1573054831-pr-1
Namespace **-cb-kubecd-bdd-nh-1573054831-pr-1 created 
expose:
  Annotations:
    helm.sh/hook: post-install,post-upgrade
    helm.sh/hook-delete-policy: hook-succeeded
  config:
    domain: 104.199.37.174.nip.io
    exposer: Ingress
    http: "true"
preview:
  image:
    repository: gcr.io/jenkins-x-bdd3/bdd-nh-1573054831
    tag: 0.0.0-SNAPSHOT-PR-1-1


Updating PipelineActivities cb-kubecd-bdd-nh-1573054831-pr-1-1 which has status Running
WARNING: preview application http://bdd-nh-1573054831.**-cb-kubecd-bdd-nh-1573054831-pr-1.104.199.37.174.nip.io not available, error was 503 503 Service Temporarily Unavailable, delaying for: 1.426986804s
WARNING: preview application http://bdd-nh-1573054831.**-cb-kubecd-bdd-nh-1573054831-pr-1.104.199.37.174.nip.io not available, error was 503 503 Service Temporarily Unavailable, delaying for: 1.786258247s
WARNING: preview application http://bdd-nh-1573054831.**-cb-kubecd-bdd-nh-1573054831-pr-1.104.199.37.174.nip.io not available, error was 503 503 Service Temporarily Unavailable, delaying for: 2.586351286s
WARNING: preview application http://bdd-nh-1573054831.**-cb-kubecd-bdd-nh-1573054831-pr-1.104.199.37.174.nip.io not available, error was 503 503 Service Temporarily Unavailable, delaying for: 3.050336089s
Preview application is now available at: http://bdd-nh-1573054831.**-cb-kubecd-bdd-nh-1573054831-pr-1.104.199.37.174.nip.io
